<?xml version="1.0" encoding="UTF-8"?>
<!-- Generated by org.testng.reporters.JUnitReportReporter -->
<testsuite hostname="Shagars-MacBook-Pro.local" failures="0" tests="3" name="runner.TestRunner" time="24.676" errors="0" timestamp="2023-04-01T17:32:36 EDT" skipped="0">
  <testcase classname="runner.TestRunner" name="runScenario" time="5.282"/>
  <system-out/>
  <testcase classname="runner.TestRunner" name="runScenario" time="10.915"/>
  <system-out/>
  <testcase classname="runner.TestRunner" name="runScenario" time="8.479"/>
  <system-out/>
</testsuite> <!-- runner.TestRunner -->
